Test: array(11) {
  ["_GET"]=>
  array(12) {
    ["sender_address"]=>
    string(12) "233558114840"
    ["service"]=>
    string(15) "233012000003749"
    ["product"]=>
    string(17) "23301220000003571"
    ["keyword"]=>
    string(10) "Motivation"
    ["shortcode"]=>
    string(4) "1402"
    ["user_type"]=>
    string(1) "0"
    ["service_list"]=>
    string(15) "233012000003749"
    ["update_type"]=>
    string(1) "1"
    ["update_time"]=>
    string(19) "2020-04-21 12:25:00"
    ["update_desc"]=>
    string(8) "Addition"
    ["effective_time"]=>
    string(19) "2020-04-21 12:25:00"
    ["expiry_time"]=>
    string(19) "2020-05-21 00:00:00"
  }
  ["_POST"]=>
  array(0) {
  }
  ["_COOKIE"]=>
  array(0) {
  }
  ["_FILES"]=>
  array(0) {
  }
  ["GLOBALS"]=>
  array(11) {
    ["_GET"]=>
    array(12) {
      ["sender_address"]=>
      string(12) "233558114840"
      ["service"]=>
      string(15) "233012000003749"
      ["product"]=>
      string(17) "23301220000003571"
      ["keyword"]=>
      string(10) "Motivation"
      ["shortcode"]=>
      string(4) "1402"
      ["user_type"]=>
      string(1) "0"
      ["service_list"]=>
      string(15) "233012000003749"
      ["update_type"]=>
      string(1) "1"
      ["update_time"]=>
      string(19) "2020-04-21 12:25:00"
      ["update_desc"]=>
      string(8) "Addition"
      ["effective_time"]=>
      string(19) "2020-04-21 12:25:00"
      ["expiry_time"]=>
      string(19) "2020-05-21 00:00:00"
    }
    ["_POST"]=>
    array(0) {
    }
    ["_COOKIE"]=>
    array(0) {
    }
    ["_FILES"]=>
    array(0) {
    }
    ["GLOBALS"]=>
    *RECURSION*
    ["_REQUEST"]=>
    array(12) {
      ["sender_address"]=>
      string(12) "233558114840"
      ["service"]=>
      string(15) "233012000003749"
      ["product"]=>
      string(17) "23301220000003571"
      ["keyword"]=>
      string(10) "Motivation"
      ["shortcode"]=>
      string(4) "1402"
      ["user_type"]=>
      string(1) "0"
      ["service_list"]=>
      string(15) "233012000003749"
      ["update_type"]=>
      string(1) "1"
      ["update_time"]=>
      string(19) "2020-04-21 12:25:00"
      ["update_desc"]=>
      string(8) "Addition"
      ["effective_time"]=>
      string(19) "2020-04-21 12:25:00"
      ["expiry_time"]=>
      string(19) "2020-05-21 00:00:00"
    }
    ["conn"]=>
    object(mysqli)#1 (18) {
      ["affected_rows"]=>
      int(0)
      ["client_info"]=>
      string(13) "mysqlnd 7.4.4"
      ["client_version"]=>
      int(70404)
      ["connect_errno"]=>
      int(0)
      ["connect_error"]=>
      NULL
      ["errno"]=>
      int(0)
      ["error"]=>
      string(0) ""
      ["error_list"]=>
      array(0) {
      }
      ["field_count"]=>
      int(0)
      ["host_info"]=>
      string(20) "127.0.0.1 via TCP/IP"
      ["info"]=>
      NULL
      ["insert_id"]=>
      int(0)
      ["server_info"]=>
      string(6) "8.0.19"
      ["server_version"]=>
      int(80019)
      ["sqlstate"]=>
      string(5) "00000"
      ["protocol_version"]=>
      int(10)
      ["thread_id"]=>
      int(680)
      ["warning_count"]=>
      int(0)
    }
    ["serverName"]=>
    string(9) "127.0.0.1"
    ["databaseName"]=>
    string(11) "services_db"
    ["databaseUser"]=>
    string(4) "root"
    ["databasePassword"]=>
    string(17) "Mccg8(3P^tJVnBDsF"
  }
  ["_REQUEST"]=>
  array(12) {
    ["sender_address"]=>
    string(12) "233558114840"
    ["service"]=>
    string(15) "233012000003749"
    ["product"]=>
    string(17) "23301220000003571"
    ["keyword"]=>
    string(10) "Motivation"
    ["shortcode"]=>
    string(4) "1402"
    ["user_type"]=>
    string(1) "0"
    ["service_list"]=>
    string(15) "233012000003749"
    ["update_type"]=>
    string(1) "1"
    ["update_time"]=>
    string(19) "2020-04-21 12:25:00"
    ["update_desc"]=>
    string(8) "Addition"
    ["effective_time"]=>
    string(19) "2020-04-21 12:25:00"
    ["expiry_time"]=>
    string(19) "2020-05-21 00:00:00"
  }
  ["conn"]=>
  object(mysqli)#1 (18) {
    ["affected_rows"]=>
    int(0)
    ["client_info"]=>
    string(13) "mysqlnd 7.4.4"
    ["client_version"]=>
    int(70404)
    ["connect_errno"]=>
    int(0)
    ["connect_error"]=>
    NULL
    ["errno"]=>
    int(0)
    ["error"]=>
    string(0) ""
    ["error_list"]=>
    array(0) {
    }
    ["field_count"]=>
    int(0)
    ["host_info"]=>
    string(20) "127.0.0.1 via TCP/IP"
    ["info"]=>
    NULL
    ["insert_id"]=>
    int(0)
    ["server_info"]=>
    string(6) "8.0.19"
    ["server_version"]=>
    int(80019)
    ["sqlstate"]=>
    string(5) "00000"
    ["protocol_version"]=>
    int(10)
    ["thread_id"]=>
    int(680)
    ["warning_count"]=>
    int(0)
  }
  ["serverName"]=>
  string(9) "127.0.0.1"
  ["databaseName"]=>
  string(11) "services_db"
  ["databaseUser"]=>
  string(4) "root"
  ["databasePassword"]=>
  string(17) "Mccg8(3P^tJVnBDsF"
}

Test: array(11) {
  ["_GET"]=>
  array(12) {
    ["sender_address"]=>
    string(12) "233543146031"
    ["service"]=>
    string(15) "233012000003749"
    ["product"]=>
    string(17) "23301220000003571"
    ["keyword"]=>
    string(10) "Motivation"
    ["shortcode"]=>
    string(4) "1402"
    ["user_type"]=>
    string(1) "0"
    ["service_list"]=>
    string(15) "233012000003749"
    ["update_type"]=>
    string(1) "3"
    ["update_time"]=>
    string(19) "2020-04-21 12:25:31"
    ["update_desc"]=>
    string(12) "Modification"
    ["effective_time"]=>
    string(19) "2014-10-14 12:00:00"
    ["expiry_time"]=>
    string(19) "2020-05-21 00:00:00"
  }
  ["_POST"]=>
  array(0) {
  }
  ["_COOKIE"]=>
  array(0) {
  }
  ["_FILES"]=>
  array(0) {
  }
  ["_REQUEST"]=>
  array(12) {
    ["sender_address"]=>
    string(12) "233543146031"
    ["service"]=>
    string(15) "233012000003749"
    ["product"]=>
    string(17) "23301220000003571"
    ["keyword"]=>
    string(10) "Motivation"
    ["shortcode"]=>
    string(4) "1402"
    ["user_type"]=>
    string(1) "0"
    ["service_list"]=>
    string(15) "233012000003749"
    ["update_type"]=>
    string(1) "3"
    ["update_time"]=>
    string(19) "2020-04-21 12:25:31"
    ["update_desc"]=>
    string(12) "Modification"
    ["effective_time"]=>
    string(19) "2014-10-14 12:00:00"
    ["expiry_time"]=>
    string(19) "2020-05-21 00:00:00"
  }
  ["GLOBALS"]=>
  array(11) {
    ["_GET"]=>
    array(12) {
      ["sender_address"]=>
      string(12) "233543146031"
      ["service"]=>
      string(15) "233012000003749"
      ["product"]=>
      string(17) "23301220000003571"
      ["keyword"]=>
      string(10) "Motivation"
      ["shortcode"]=>
      string(4) "1402"
      ["user_type"]=>
      string(1) "0"
      ["service_list"]=>
      string(15) "233012000003749"
      ["update_type"]=>
      string(1) "3"
      ["update_time"]=>
      string(19) "2020-04-21 12:25:31"
      ["update_desc"]=>
      string(12) "Modification"
      ["effective_time"]=>
      string(19) "2014-10-14 12:00:00"
      ["expiry_time"]=>
      string(19) "2020-05-21 00:00:00"
    }
    ["_POST"]=>
    array(0) {
    }
    ["_COOKIE"]=>
    array(0) {
    }
    ["_FILES"]=>
    array(0) {
    }
    ["_REQUEST"]=>
    array(12) {
      ["sender_address"]=>
      string(12) "233543146031"
      ["service"]=>
      string(15) "233012000003749"
      ["product"]=>
      string(17) "23301220000003571"
      ["keyword"]=>
      string(10) "Motivation"
      ["shortcode"]=>
      string(4) "1402"
      ["user_type"]=>
      string(1) "0"
      ["service_list"]=>
      string(15) "233012000003749"
      ["update_type"]=>
      string(1) "3"
      ["update_time"]=>
      string(19) "2020-04-21 12:25:31"
      ["update_desc"]=>
      string(12) "Modification"
      ["effective_time"]=>
      string(19) "2014-10-14 12:00:00"
      ["expiry_time"]=>
      string(19) "2020-05-21 00:00:00"
    }
    ["GLOBALS"]=>
    *RECURSION*
    ["conn"]=>
    object(mysqli)#1 (18) {
      ["affected_rows"]=>
      int(0)
      ["client_info"]=>
      string(13) "mysqlnd 7.4.4"
      ["client_version"]=>
      int(70404)
      ["connect_errno"]=>
      int(0)
      ["connect_error"]=>
      NULL
      ["errno"]=>
      int(0)
      ["error"]=>
      string(0) ""
      ["error_list"]=>
      array(0) {
      }
      ["field_count"]=>
      int(0)
      ["host_info"]=>
      string(20) "127.0.0.1 via TCP/IP"
      ["info"]=>
      NULL
      ["insert_id"]=>
      int(0)
      ["server_info"]=>
      string(6) "8.0.19"
      ["server_version"]=>
      int(80019)
      ["sqlstate"]=>
      string(5) "00000"
      ["protocol_version"]=>
      int(10)
      ["thread_id"]=>
      int(681)
      ["warning_count"]=>
      int(0)
    }
    ["serverName"]=>
    string(9) "127.0.0.1"
    ["databaseName"]=>
    string(11) "services_db"
    ["databaseUser"]=>
    string(4) "root"
    ["databasePassword"]=>
    string(17) "Mccg8(3P^tJVnBDsF"
  }
  ["conn"]=>
  object(mysqli)#1 (18) {
    ["affected_rows"]=>
    int(0)
    ["client_info"]=>
    string(13) "mysqlnd 7.4.4"
    ["client_version"]=>
    int(70404)
    ["connect_errno"]=>
    int(0)
    ["connect_error"]=>
    NULL
    ["errno"]=>
    int(0)
    ["error"]=>
    string(0) ""
    ["error_list"]=>
    array(0) {
    }
    ["field_count"]=>
    int(0)
    ["host_info"]=>
    string(20) "127.0.0.1 via TCP/IP"
    ["info"]=>
    NULL
    ["insert_id"]=>
    int(0)
    ["server_info"]=>
    string(6) "8.0.19"
    ["server_version"]=>
    int(80019)
    ["sqlstate"]=>
    string(5) "00000"
    ["protocol_version"]=>
    int(10)
    ["thread_id"]=>
    int(681)
    ["warning_count"]=>
    int(0)
  }
  ["serverName"]=>
  string(9) "127.0.0.1"
  ["databaseName"]=>
  string(11) "services_db"
  ["databaseUser"]=>
  string(4) "root"
  ["databasePassword"]=>
  string(17) "Mccg8(3P^tJVnBDsF"
}

Test: array(12) {
  ["sender_address"]=>
  string(12) "233558114840"
  ["service"]=>
  string(15) "233012000003749"
  ["product"]=>
  string(17) "23301220000003571"
  ["keyword"]=>
  string(10) "Motivation"
  ["shortcode"]=>
  string(4) "1402"
  ["user_type"]=>
  string(1) "0"
  ["service_list"]=>
  string(15) "233012000003749"
  ["update_type"]=>
  string(1) "2"
  ["update_time"]=>
  string(19) "2020-04-21 12:26:44"
  ["update_desc"]=>
  string(8) "Deletion"
  ["effective_time"]=>
  string(19) "2020-04-21 12:25:00"
  ["expiry_time"]=>
  string(19) "2020-04-21 12:26:44"
}

Test: array(12) {
  ["sender_address"]=>
  string(12) "233543715077"
  ["service"]=>
  string(15) "233012000003749"
  ["product"]=>
  string(17) "23301220000003571"
  ["keyword"]=>
  string(10) "Motivation"
  ["shortcode"]=>
  string(4) "1402"
  ["user_type"]=>
  string(1) "0"
  ["service_list"]=>
  string(15) "233012000003749"
  ["update_type"]=>
  string(1) "2"
  ["update_time"]=>
  string(19) "2020-04-21 12:34:22"
  ["update_desc"]=>
  string(8) "Deletion"
  ["effective_time"]=>
  string(19) "2014-10-14 12:00:00"
  ["expiry_time"]=>
  string(19) "2020-04-21 12:34:22"
}

